mode: set
github.com/tokzone/tokrouter/server/errors.go:40.49,42.16 2 1
github.com/tokzone/tokrouter/server/errors.go:42.16,44.3 1 1
github.com/tokzone/tokrouter/server/errors.go:45.2,49.3 1 1
github.com/tokzone/tokrouter/server/errors.go:53.75,55.9 2 1
github.com/tokzone/tokrouter/server/errors.go:55.9,59.3 2 1
github.com/tokzone/tokrouter/server/errors.go:61.2,62.19 2 1
github.com/tokzone/tokrouter/server/errors.go:62.19,64.3 1 1
github.com/tokzone/tokrouter/server/errors.go:66.2,71.3 1 1
github.com/tokzone/tokrouter/server/errors.go:75.40,76.18 1 1
github.com/tokzone/tokrouter/server/errors.go:76.18,78.3 1 1
github.com/tokzone/tokrouter/server/errors.go:79.2,79.49 1 1
github.com/tokzone/tokrouter/server/handler.go:28.95,29.54 1 1
github.com/tokzone/tokrouter/server/handler.go:29.54,32.17 2 1
github.com/tokzone/tokrouter/server/handler.go:32.17,35.4 2 0
github.com/tokzone/tokrouter/server/handler.go:36.3,40.55 3 1
github.com/tokzone/tokrouter/server/handler.go:40.55,43.4 2 1
github.com/tokzone/tokrouter/server/handler.go:44.3,50.13 4 1
github.com/tokzone/tokrouter/server/handler.go:50.13,52.4 1 0
github.com/tokzone/tokrouter/server/handler.go:52.9,54.4 1 1
github.com/tokzone/tokrouter/server/handler.go:59.147,61.16 2 0
github.com/tokzone/tokrouter/server/handler.go:61.16,68.3 3 0
github.com/tokzone/tokrouter/server/handler.go:69.2,77.9 6 0
github.com/tokzone/tokrouter/server/handler.go:77.9,80.3 2 0
github.com/tokzone/tokrouter/server/handler.go:83.2,83.31 1 0
github.com/tokzone/tokrouter/server/handler.go:83.31,86.3 2 0
github.com/tokzone/tokrouter/server/handler.go:88.2,98.42 3 0
github.com/tokzone/tokrouter/server/handler.go:102.150,104.16 2 1
github.com/tokzone/tokrouter/server/handler.go:104.16,111.3 3 1
github.com/tokzone/tokrouter/server/handler.go:114.2,122.4 4 0
github.com/tokzone/tokrouter/server/handler.go:126.63,127.54 1 1
github.com/tokzone/tokrouter/server/handler.go:127.54,129.23 2 1
github.com/tokzone/tokrouter/server/handler.go:129.23,131.4 1 1
github.com/tokzone/tokrouter/server/handler.go:132.3,133.38 2 1
github.com/tokzone/tokrouter/server/handler.go:138.63,139.54 1 1
github.com/tokzone/tokrouter/server/handler.go:139.54,144.23 3 1
github.com/tokzone/tokrouter/server/handler.go:144.23,147.32 3 1
github.com/tokzone/tokrouter/server/handler.go:147.32,148.19 1 1
github.com/tokzone/tokrouter/server/handler.go:148.19,150.6 1 1
github.com/tokzone/tokrouter/server/handler.go:152.4,156.46 2 1
github.com/tokzone/tokrouter/server/handler.go:156.46,158.5 1 0
github.com/tokzone/tokrouter/server/handler.go:161.4,162.18 2 1
github.com/tokzone/tokrouter/server/handler.go:162.18,164.5 1 1
github.com/tokzone/tokrouter/server/handler.go:164.10,166.5 1 0
github.com/tokzone/tokrouter/server/handler.go:167.9,173.4 2 1
github.com/tokzone/tokrouter/server/handler.go:175.3,176.27 2 1
github.com/tokzone/tokrouter/server/handler.go:176.27,178.4 1 0
github.com/tokzone/tokrouter/server/handler.go:178.9,180.4 1 1
github.com/tokzone/tokrouter/server/handler.go:181.3,185.5 1 1
github.com/tokzone/tokrouter/server/handler.go:190.88,193.2 2 1
github.com/tokzone/tokrouter/server/handler.go:196.87,197.54 1 1
github.com/tokzone/tokrouter/server/handler.go:197.54,199.20 2 1
github.com/tokzone/tokrouter/server/handler.go:199.20,201.4 1 1
github.com/tokzone/tokrouter/server/handler.go:202.3,204.30 3 1
github.com/tokzone/tokrouter/server/handler.go:208.31,210.2 1 1
github.com/tokzone/tokrouter/server/log.go:15.46,17.32 2 1
github.com/tokzone/tokrouter/server/log.go:18.15,19.24 1 1
github.com/tokzone/tokrouter/server/log.go:20.14,21.23 1 1
github.com/tokzone/tokrouter/server/log.go:22.15,23.24 1 1
github.com/tokzone/tokrouter/server/log.go:24.10,25.23 1 1
github.com/tokzone/tokrouter/server/log.go:28.2,31.28 4 1
github.com/tokzone/tokrouter/server/log.go:35.71,36.19 1 1
github.com/tokzone/tokrouter/server/log.go:36.19,39.3 2 0
github.com/tokzone/tokrouter/server/log.go:40.2,40.40 1 1
github.com/tokzone/tokrouter/server/log.go:44.70,45.19 1 1
github.com/tokzone/tokrouter/server/log.go:45.19,48.3 2 1
github.com/tokzone/tokrouter/server/log.go:49.2,49.39 1 1
github.com/tokzone/tokrouter/server/log.go:53.70,54.19 1 1
github.com/tokzone/tokrouter/server/log.go:54.19,57.3 2 0
github.com/tokzone/tokrouter/server/log.go:58.2,58.39 1 1
github.com/tokzone/tokrouter/server/log.go:62.71,63.19 1 1
github.com/tokzone/tokrouter/server/log.go:63.19,66.3 2 0
github.com/tokzone/tokrouter/server/log.go:67.2,67.40 1 1
github.com/tokzone/tokrouter/server/log.go:74.32,76.2 1 1
github.com/tokzone/tokrouter/server/log.go:78.13,81.2 1 1
github.com/tokzone/tokrouter/server/log.go:84.55,86.2 1 1
github.com/tokzone/tokrouter/server/log.go:89.54,91.2 1 1
github.com/tokzone/tokrouter/server/log.go:94.54,96.2 1 1
github.com/tokzone/tokrouter/server/log.go:99.55,101.2 1 1
github.com/tokzone/tokrouter/server/log.go:104.50,106.27 2 1
github.com/tokzone/tokrouter/server/log.go:106.27,108.21 1 1
github.com/tokzone/tokrouter/server/log.go:108.21,109.31 1 1
github.com/tokzone/tokrouter/server/log.go:109.31,111.5 1 1
github.com/tokzone/tokrouter/server/log.go:113.3,113.28 1 1
github.com/tokzone/tokrouter/server/log.go:115.2,115.13 1 1
github.com/tokzone/tokrouter/server/log.go:119.35,124.2 2 1
github.com/tokzone/tokrouter/server/log.go:127.33,128.16 1 1
github.com/tokzone/tokrouter/server/log.go:128.16,130.3 1 1
github.com/tokzone/tokrouter/server/log.go:131.2,131.21 1 1
github.com/tokzone/tokrouter/server/log.go:135.74,138.28 2 1
github.com/tokzone/tokrouter/server/log.go:138.28,140.61 2 1
github.com/tokzone/tokrouter/server/log.go:140.61,141.18 1 1
github.com/tokzone/tokrouter/server/log.go:141.18,143.5 1 1
github.com/tokzone/tokrouter/server/log.go:144.9,145.18 1 1
github.com/tokzone/tokrouter/server/log.go:145.18,147.5 1 1
github.com/tokzone/tokrouter/server/log.go:151.2,156.4 1 1
github.com/tokzone/tokrouter/server/server.go:29.99,34.66 3 1
github.com/tokzone/tokrouter/server/server.go:34.66,36.3 1 1
github.com/tokzone/tokrouter/server/server.go:38.2,49.43 6 1
github.com/tokzone/tokrouter/server/server.go:49.43,51.17 2 0
github.com/tokzone/tokrouter/server/server.go:51.17,54.4 2 0
github.com/tokzone/tokrouter/server/server.go:55.3,58.4 1 0
github.com/tokzone/tokrouter/server/server.go:61.2,67.3 1 1
github.com/tokzone/tokrouter/server/server.go:71.24,73.12 2 0
github.com/tokzone/tokrouter/server/server.go:73.12,76.7 3 0
github.com/tokzone/tokrouter/server/server.go:76.7,78.15 2 0
github.com/tokzone/tokrouter/server/server.go:79.24,83.19 3 0
github.com/tokzone/tokrouter/server/server.go:83.19,85.14 2 0
github.com/tokzone/tokrouter/server/server.go:87.5,87.48 1 0
github.com/tokzone/tokrouter/server/server.go:87.48,89.14 2 0
github.com/tokzone/tokrouter/server/server.go:91.5,91.48 1 0
github.com/tokzone/tokrouter/server/server.go:92.41,97.58 4 0
github.com/tokzone/tokrouter/server/server.go:97.58,99.6 1 0
github.com/tokzone/tokrouter/server/server.go:100.5,101.11 2 0
github.com/tokzone/tokrouter/server/server.go:107.2,110.47 3 0
github.com/tokzone/tokrouter/server/server.go:110.47,112.77 2 0
github.com/tokzone/tokrouter/server/server.go:112.77,115.4 2 0
github.com/tokzone/tokrouter/server/server.go:116.8,117.68 1 0
github.com/tokzone/tokrouter/server/server.go:117.68,120.4 2 0
github.com/tokzone/tokrouter/server/server.go:123.2,124.18 2 0
